<?xml version="1.0" encoding="UTF-8"?>
<testsuite xmlns:xsi="http://www.w3.org/2001/XMLSchema-instance" xsi:noNamespaceSchemaLocation="https://maven.apache.org/surefire/maven-surefire-plugin/xsd/surefire-test-report.xsd" name="sweetpretzel.SweetPretzelTest" time="0.047" tests="2" errors="0" skipped="1" failures="0">
  <properties>
[...]
</properties>
  <testcase name="shouldCost2DollarsAnd50CentsForSweetPretzelWithoutTopping" classname="sweetpretzel.SweetPretzelTest" time="0.041"/>
  <testcase name="shouldCost3DollarsAnd20CentsForSweetPretzelWithChocolate" classname="sweetpretzel.SweetPretzelTest" time="0">
    <skipped message="void sweetpretzel.SweetPretzelTest.shouldCost3DollarsAnd20CentsForSweetPretzelWithChocolate() is @Disabled"/>
  </testcase>
</testsuite>